#
# There is insufficient memory for the Java Runtime Environment to continue.
# Native memory allocation (mmap) failed to map 65536 bytes for Failed to commit metaspace.
# Possible reasons:
#   The system is out of physical RAM or swap space
#   The process is running with CompressedOops enabled, and the Java Heap may be blocking the growth of the native heap
# Possible solutions:
#   Reduce memory load on the system
#   Increase physical memory or swap space
#   Check if swap backing store is full
#   Decrease Java heap size (-Xmx/-Xms)
#   Decrease number of Java threads
#   Decrease Java thread stack sizes (-Xss)
#   Set larger code cache with -XX:ReservedCodeCacheSize=
#   JVM is running with Zero Based Compressed Oops mode in which the Java heap is
#     placed in the first 32GB address space. The Java Heap base address is the
#     maximum limit for the native heap growth. Please use -XX:HeapBaseMinAddress
#     to set the Java Heap base and to place the Java Heap above 32GB virtual address.
# This output file may be truncated or incomplete.
#
#  Out of Memory Error (virtualSpaceNode.cpp:110), pid=20224, tid=3780
#
# JRE version: OpenJDK Runtime Environment Corretto-17.0.7.7.1 (17.0.7+7) (build 17.0.7+7-LTS)
# Java VM: OpenJDK 64-Bit Server VM Corretto-17.0.7.7.1 (17.0.7+7-LTS, mixed mode, sharing, tiered, compressed oops, compressed class ptrs, g1 gc, windows-amd64)
# No core dump will be written. Minidumps are not enabled by default on client versions of Windows
#

---------------  S U M M A R Y ------------

Command Line: -ea -Didea.test.cyclic.buffer.size=1048576 -javaagent:C:\Program Files\JetBrains\IntelliJ IDEA Community Edition 2021.1.3\lib\idea_rt.jar=57050:C:\Program Files\JetBrains\IntelliJ IDEA Community Edition 2021.1.3\bin -Dfile.encoding=UTF-8 com.intellij.rt.testng.RemoteTestNGStarter -usedefaultlisteners false -socket57049 @w@C:\Users\iylia\AppData\Local\Temp\idea_working_dirs_testng.tmp -temp C:\Users\iylia\AppData\Local\Temp\idea_testng.tmp

Host: Intel(R) Core(TM) i5-3230M CPU @ 2.60GHz, 4 cores, 11G,  Windows 10 , 64 bit Build 19041 (10.0.19041.3636)
Time: Thu Feb  1 21:47:05 2024  Windows 10 , 64 bit Build 19041 (10.0.19041.3636) elapsed time: 2.044099 seconds (0d 0h 0m 2s)

---------------  T H R E A D  ---------------

Current thread (0x000001cd05159670):  JavaThread "main" [_thread_in_vm, id=3780, stack(0x000000089a000000,0x000000089a100000)]

Stack: [0x000000089a000000,0x000000089a100000]
Native frames: (J=compiled Java code, j=interpreted, Vv=VM code, C=native code)
V  [jvm.dll+0x64b53a]
V  [jvm.dll+0x7fef54]
V  [jvm.dll+0x80070e]
V  [jvm.dll+0x800d63]
V  [jvm.dll+0x236a2b]
V  [jvm.dll+0x7fb02b]
V  [jvm.dll+0x5f27d6]
V  [jvm.dll+0x1b5f2e]
V  [jvm.dll+0x5f5024]
V  [jvm.dll+0x5f318d]
V  [jvm.dll+0x358659]
V  [jvm.dll+0x1d67b9]
V  [jvm.dll+0x519d19]
V  [jvm.dll+0x77d6bc]
V  [jvm.dll+0x77d7a4]
V  [jvm.dll+0x3f3115]
V  [jvm.dll+0x3f8d81]
C  [java.dll+0x17ec]

Java frames: (J=compiled Java code, j=interpreted, Vv=VM code)
J 995  java.lang.ClassLoader.defineClass1(Ljava/lang/ClassLoader;Ljava/lang/String;[BIILjava/security/ProtectionDomain;Ljava/lang/String;)Ljava/lang/Class; java.base@17.0.7 (0 bytes) @ 0x000001cd1477e1e3 [0x000001cd1477e120+0x00000000000000c3]
j  java.lang.ClassLoader.defineClass(Ljava/lang/String;[BIILjava/security/ProtectionDomain;)Ljava/lang/Class;+27 java.base@17.0.7
j  java.security.SecureClassLoader.defineClass(Ljava/lang/String;[BIILjava/security/CodeSource;)Ljava/lang/Class;+12 java.base@17.0.7
j  jdk.internal.loader.BuiltinClassLoader.defineClass(Ljava/lang/String;Ljdk/internal/loader/Resource;)Ljava/lang/Class;+117 java.base@17.0.7
J 953 c1 jdk.internal.loader.BuiltinClassLoader.findClassOnClassPathOrNull(Ljava/lang/String;)Ljava/lang/Class; java.base@17.0.7 (64 bytes) @ 0x000001cd0cdf3e3c [0x000001cd0cdf2d80+0x00000000000010bc]
J 443 c1 jdk.internal.loader.BuiltinClassLoader.loadClassOrNull(Ljava/lang/String;Z)Ljava/lang/Class; java.base@17.0.7 (143 bytes) @ 0x000001cd0ccf7c54 [0x000001cd0ccf6d40+0x0000000000000f14]
J 588 c1 jdk.internal.loader.ClassLoaders$AppClassLoader.loadClass(Ljava/lang/String;Z)Ljava/lang/Class; java.base@17.0.7 (40 bytes) @ 0x000001cd0cd3b58c [0x000001cd0cd3af60+0x000000000000062c]
J 587 c1 java.lang.ClassLoader.loadClass(Ljava/lang/String;)Ljava/lang/Class; java.base@17.0.7 (7 bytes) @ 0x000001cd0cd3abcc [0x000001cd0cd3aac0+0x000000000000010c]
v  ~StubRoutines::call_stub
J 995  java.lang.ClassLoader.defineClass1(Ljava/lang/ClassLoader;Ljava/lang/String;[BIILjava/security/ProtectionDomain;Ljava/lang/String;)Ljava/lang/Class; java.base@17.0.7 (0 bytes) @ 0x000001cd1477e1e3 [0x000001cd1477e120+0x00000000000000c3]
j  java.lang.ClassLoader.defineClass(Ljava/lang/String;[BIILjava/security/ProtectionDomain;)Ljava/lang/Class;+27 java.base@17.0.7
j  java.security.SecureClassLoader.defineClass(Ljava/lang/String;[BIILjava/security/CodeSource;)Ljava/lang/Class;+12 java.base@17.0.7
j  jdk.internal.loader.BuiltinClassLoader.defineClass(Ljava/lang/String;Ljdk/internal/loader/Resource;)Ljava/lang/Class;+117 java.base@17.0.7
J 953 c1 jdk.internal.loader.BuiltinClassLoader.findClassOnClassPathOrNull(Ljava/lang/String;)Ljava/lang/Class; java.base@17.0.7 (64 bytes) @ 0x000001cd0cdf3e3c [0x000001cd0cdf2d80+0x00000000000010bc]
J 443 c1 jdk.internal.loader.BuiltinClassLoader.loadClassOrNull(Ljava/lang/String;Z)Ljava/lang/Class; java.base@17.0.7 (143 bytes) @ 0x000001cd0ccf7c54 [0x000001cd0ccf6d40+0x0000000000000f14]
J 588 c1 jdk.internal.loader.ClassLoaders$AppClassLoader.loadClass(Ljava/lang/String;Z)Ljava/lang/Class; java.base@17.0.7 (40 bytes) @ 0x000001cd0cd3b58c [0x000001cd0cd3af60+0x000000000000062c]
J 587 c1 java.lang.ClassLoader.loadClass(Ljava/lang/String;)Ljava/lang/Class; java.base@17.0.7 (7 bytes) @ 0x000001cd0cd3abcc [0x000001cd0cd3aac0+0x000000000000010c]
v  ~StubRoutines::call_stub
j  org.testng.internal.Parameters.injectParameters([Ljava/lang/Object;Ljava/lang/reflect/Method;Lorg/testng/ITestContext;)[Ljava/lang/Object;+12
j  org.testng.internal.invokers.MethodRunner.runInSequence(Lorg/testng/internal/invokers/TestMethodArguments;Lorg/testng/internal/invokers/ITestInvoker;Lorg/testng/ITestContext;Ljava/util/concurrent/atomic/AtomicInteger;Lorg/testng/internal/invokers/ITestInvoker$FailureContext;Ljava/util/Iterator;Z)Ljava/util/List;+72
j  org.testng.internal.invokers.TestInvoker$MethodInvocationAgent.invoke(I)I+384
j  org.testng.internal.invokers.TestInvoker.invokeTestMethods(Lorg/testng/ITestNGMethod;Lorg/testng/internal/ConfigurationGroupMethods;Ljava/lang/Object;Lorg/testng/ITestContext;)Ljava/util/List;+569
j  org.testng.internal.invokers.TestMethodWorker.invokeTestMethods(Lorg/testng/ITestNGMethod;Ljava/lang/Object;)V+14
j  org.testng.internal.invokers.TestMethodWorker.run()V+127
j  org.testng.TestRunner$$Lambda$178+0x00000008010bea60.accept(Ljava/lang/Object;)V+7
j  java.util.ArrayList.forEach(Ljava/util/function/Consumer;)V+46 java.base@17.0.7
j  org.testng.TestRunner.privateRun(Lorg/testng/xml/XmlTest;)V+412
j  org.testng.TestRunner.run()V+25
j  org.testng.SuiteRunner.runTest(Lorg/testng/TestRunner;)V+21
j  org.testng.SuiteRunner.runSequentially()V+31
j  org.testng.SuiteRunner.privateRun()V+340
j  org.testng.SuiteRunner.run()V+6
j  org.testng.SuiteRunnerWorker.runSuite(Lorg/testng/internal/invokers/SuiteRunnerMap;Lorg/testng/xml/XmlSuite;)V+56
j  org.testng.SuiteRunnerWorker.run()V+12
j  org.testng.TestNG.runSuitesSequentially(Lorg/testng/xml/XmlSuite;Lorg/testng/internal/invokers/SuiteRunnerMap;ILjava/lang/String;)V+66
j  org.testng.TestNG.runSuitesLocally()Ljava/util/List;+156
j  org.testng.TestNG.runSuites()Ljava/util/List;+1
j  org.testng.TestNG.run()V+25
j  com.intellij.rt.testng.IDEARemoteTestNG.run()V+270
j  com.intellij.rt.testng.RemoteTestNGStarter.main([Ljava/lang/String;)V+536
v  ~StubRoutines::call_stub

---------------  P R O C E S S  ---------------

Threads class SMR info:
_java_thread_list=0x000001cd254891d0, length=13, elements={
0x000001cd05159670, 0x000001cd251e8fd0, 0x000001cd251e9d50, 0x000001cd25201230,
0x000001cd25203c00, 0x000001cd252054d0, 0x000001cd25207da0, 0x000001cd25208a40,
0x000001cd252093f0, 0x000001cd253887f0, 0x000001cd251cafb0, 0x000001cd254c2d20,
0x000001cd254c3800
}

Java Threads: ( => current thread )
=>0x000001cd05159670 JavaThread "main" [_thread_in_vm, id=3780, stack(0x000000089a000000,0x000000089a100000)]
  0x000001cd251e8fd0 JavaThread "Reference Handler" daemon [_thread_blocked, id=14516, stack(0x000000089a700000,0x000000089a800000)]
  0x000001cd251e9d50 JavaThread "Finalizer" daemon [_thread_blocked, id=10076, stack(0x000000089a800000,0x000000089a900000)]
  0x000001cd25201230 JavaThread "Signal Dispatcher" daemon [_thread_blocked, id=15388, stack(0x000000089a900000,0x000000089aa00000)]
  0x000001cd25203c00 JavaThread "Attach Listener" daemon [_thread_blocked, id=12664, stack(0x000000089aa00000,0x000000089ab00000)]
  0x000001cd252054d0 JavaThread "Service Thread" daemon [_thread_blocked, id=13684, stack(0x000000089ab00000,0x000000089ac00000)]
  0x000001cd25207da0 JavaThread "Monitor Deflation Thread" daemon [_thread_blocked, id=14696, stack(0x000000089ac00000,0x000000089ad00000)]
  0x000001cd25208a40 JavaThread "C2 CompilerThread0" daemon [_thread_in_native, id=20668, stack(0x000000089ad00000,0x000000089ae00000)]
  0x000001cd252093f0 JavaThread "C1 CompilerThread0" daemon [_thread_blocked, id=17448, stack(0x000000089ae00000,0x000000089af00000)]
  0x000001cd253887f0 JavaThread "Sweeper thread" daemon [_thread_blocked, id=14244, stack(0x000000089af00000,0x000000089b000000)]
  0x000001cd251cafb0 JavaThread "Common-Cleaner" daemon [_thread_blocked, id=12912, stack(0x000000089b000000,0x000000089b100000)]
  0x000001cd254c2d20 JavaThread "Monitor Ctrl-Break" daemon [_thread_in_native, id=10820, stack(0x000000089b100000,0x000000089b200000)]
  0x000001cd254c3800 JavaThread "Notification Thread" daemon [_thread_blocked, id=12680, stack(0x000000089b200000,0x000000089b300000)]

Other Threads:
  0x000001cd251e4530 VMThread "VM Thread" [stack: 0x000000089a600000,0x000000089a700000] [id=13196]
  0x000001cd0515a430 WatcherThread [stack: 0x000000089b300000,0x000000089b400000] [id=10284]
  0x000001cd051b08b0 GCTaskThread "GC Thread#0" [stack: 0x000000089a100000,0x000000089a200000] [id=15040]
  0x000001cd25aada00 GCTaskThread "GC Thread#1" [stack: 0x000000089b400000,0x000000089b500000] [id=16940]
  0x000001cd25aadcb0 GCTaskThread "GC Thread#2" [stack: 0x000000089b500000,0x000000089b600000] [id=5108]
  0x000001cd25a92290 GCTaskThread "GC Thread#3" [stack: 0x000000089b600000,0x000000089b700000] [id=10644]
  0x000001cd051bd4d0 ConcurrentGCThread "G1 Main Marker" [stack: 0x000000089a200000,0x000000089a300000] [id=13020]
  0x000001cd051bee00 ConcurrentGCThread "G1 Conc#0" [stack: 0x000000089a300000,0x000000089a400000] [id=17676]
  0x000001cd0521c930 ConcurrentGCThread "G1 Refine#0" [stack: 0x000000089a400000,0x000000089a500000] [id=12772]
  0x000001cd25a96560 ConcurrentGCThread "G1 Refine#1" [stack: 0x000000089b700000,0x000000089b800000] [id=14724]
  0x000001cd0521d260 ConcurrentGCThread "G1 Service" [stack: 0x000000089a500000,0x000000089a600000] [id=10216]

Threads with active compile tasks:
C2 CompilerThread0     2074 1339       4       jdk.internal.org.objectweb.asm.Frame::execute (2305 bytes)

VM state: not at safepoint (normal execution)

VM Mutex/Monitor currently owned by a thread:  ([mutex/lock_event])
[0x000001cd051555e0] Metaspace_lock - owner thread: 0x000001cd05159670

Heap address: 0x0000000742200000, size: 3038 MB, Compressed Oops mode: Zero based, Oop shift amount: 3

CDS archive(s) mapped at: [0x0000000800000000-0x0000000800bc0000-0x0000000800bc0000), size 12320768, SharedBaseAddress: 0x0000000800000000, ArchiveRelocationMode: 0.
Compressed class space mapped at: 0x0000000801000000-0x0000000841000000, reserved size: 1073741824
Narrow klass base: 0x0000000800000000, Narrow klass shift: 0, Narrow klass range: 0x100000000

GC Precious Log:
 CPUs: 4 total, 4 available
 Memory: 12148M
 Large Page Support: Disabled
 NUMA Support: Disabled
 Compressed Oops: Enabled (Zero based)
 Heap Region Size: 2M
 Heap Min Capacity: 8M
 Heap Initial Capacity: 190M
 Heap Max Capacity: 3038M
 Pre-touch: Disabled
 Parallel Workers: 4
 Concurrent Workers: 1
 Concurrent Refinement Workers: 4
 Periodic GC: Disabled

Heap:
 garbage-first heap   total 194560K, used 7885K [0x0000000742200000, 0x0000000800000000)
  region size 2048K, 3 young (6144K), 1 survivors (2048K)
 Metaspace       used 6722K, committed 6912K, reserved 1114112K
  class space    used 749K, committed 832K, reserved 1048576K

Heap Regions: E=young(eden), S=young(survivor), O=old, HS=humongous(starts), HC=humongous(continues), CS=collection set, F=free, OA=open archive, CA=closed archive, TAMS=top-at-mark-start (previous, next)
|   0|0x0000000742200000, 0x0000000742400000, 0x0000000742400000|100%| O|  |TAMS 0x0000000742200000, 0x0000000742200000| Untracked 
|   1|0x0000000742400000, 0x0000000742600000, 0x0000000742600000|100%| O|  |TAMS 0x0000000742400000, 0x0000000742400000| Untracked 
|   2|0x0000000742600000, 0x0000000742712400, 0x0000000742800000| 53%| O|  |TAMS 0x0000000742600000, 0x0000000742600000| Untracked 
|   3|0x0000000742800000, 0x0000000742800000, 0x0000000742a00000|  0%| F|  |TAMS 0x0000000742800000, 0x0000000742800000| Untracked 
|   4|0x0000000742a00000, 0x0000000742a00000, 0x0000000742c00000|  0%| F|  |TAMS 0x0000000742a00000, 0x0000000742a00000| Untracked 
|   5|0x0000000742c00000, 0x0000000742c00000, 0x0000000742e00000|  0%| F|  |TAMS 0x0000000742c00000, 0x0000000742c00000| Untracked 
|   6|0x0000000742e00000, 0x0000000742e00000, 0x0000000743000000|  0%| F|  |TAMS 0x0000000742e00000, 0x0000000742e00000| Untracked 
|   7|0x0000000743000000, 0x0000000743000000, 0x0000000743200000|  0%| F|  |TAMS 0x0000000743000000, 0x0000000743000000| Untracked 
|   8|0x0000000743200000, 0x0000000743200000, 0x0000000743400000|  0%| F|  |TAMS 0x0000000743200000, 0x0000000743200000| Untracked 
|   9|0x0000000743400000, 0x0000000743400000, 0x0000000743600000|  0%| F|  |TAMS 0x0000000743400000, 0x0000000743400000| Untracked 
|  10|0x0000000743600000, 0x0000000743600000, 0x0000000743800000|  0%| F|  |TAMS 0x0000000743600000, 0x0000000743600000| Untracked 
|  11|0x0000000743800000, 0x0000000743800000, 0x0000000743a00000|  0%| F|  |TAMS 0x0000000743800000, 0x0000000743800000| Untracked 
|  12|0x0000000743a00000, 0x0000000743a00000, 0x0000000743c00000|  0%| F|  |TAMS 0x0000000743a00000, 0x0000000743a00000| Untracked 
|  13|0x0000000743c00000, 0x0000000743c00000, 0x0000000743e00000|  0%| F|  |TAMS 0x0000000743c00000, 0x0000000743c00000| Untracked 
|  14|0x0000000743e00000, 0x0000000743e00000, 0x0000000744000000|  0%| F|  |TAMS 0x0000000743e00000, 0x0000000743e00000| Untracked 
|  15|0x0000000744000000, 0x0000000744000000, 0x0000000744200000|  0%| F|  |TAMS 0x0000000744000000, 0x0000000744000000| Untracked 
|  16|0x0000000744200000, 0x0000000744200000, 0x0000000744400000|  0%| F|  |TAMS 0x0000000744200000, 0x0000000744200000| Untracked 
|  17|0x0000000744400000, 0x0000000744400000, 0x0000000744600000|  0%| F|  |TAMS 0x0000000744400000, 0x0000000744400000| Untracked 
|  18|0x0000000744600000, 0x0000000744600000, 0x0000000744800000|  0%| F|  |TAMS 0x0000000744600000, 0x0000000744600000| Untracked 
|  19|0x0000000744800000, 0x0000000744800000, 0x0000000744a00000|  0%| F|  |TAMS 0x0000000744800000, 0x0000000744800000| Untracked 
|  20|0x0000000744a00000, 0x0000000744a00000, 0x0000000744c00000|  0%| F|  |TAMS 0x0000000744a00000, 0x0000000744a00000| Untracked 
|  21|0x0000000744c00000, 0x0000000744c00000, 0x0000000744e00000|  0%| F|  |TAMS 0x0000000744c00000, 0x0000000744c00000| Untracked 
|  22|0x0000000744e00000, 0x0000000744e00000, 0x0000000745000000|  0%| F|  |TAMS 0x0000000744e00000, 0x0000000744e00000| Untracked 
|  23|0x0000000745000000, 0x0000000745000000, 0x0000000745200000|  0%| F|  |TAMS 0x0000000745000000, 0x0000000745000000| Untracked 
|  24|0x0000000745200000, 0x0000000745200000, 0x0000000745400000|  0%| F|  |TAMS 0x0000000745200000, 0x0000000745200000| Untracked 
|  25|0x0000000745400000, 0x0000000745400000, 0x0000000745600000|  0%| F|  |TAMS 0x0000000745400000, 0x0000000745400000| Untracked 
|  26|0x0000000745600000, 0x0000000745600000, 0x0000000745800000|  0%| F|  |TAMS 0x0000000745600000, 0x0000000745600000| Untracked 
|  27|0x0000000745800000, 0x0000000745800000, 0x0000000745a00000|  0%| F|  |TAMS 0x0000000745800000, 0x0000000745800000| Untracked 
|  28|0x0000000745a00000, 0x0000000745a00000, 0x0000000745c00000|  0%| F|  |TAMS 0x0000000745a00000, 0x0000000745a00000| Untracked 
|  29|0x0000000745c00000, 0x0000000745c00000, 0x0000000745e00000|  0%| F|  |TAMS 0x0000000745c00000, 0x0000000745c00000| Untracked 
|  30|0x0000000745e00000, 0x0000000745e00000, 0x0000000746000000|  0%| F|  |TAMS 0x0000000745e00000, 0x0000000745e00000| Untracked 
|  31|0x0000000746000000, 0x0000000746000000, 0x0000000746200000|  0%| F|  |TAMS 0x0000000746000000, 0x0000000746000000| Untracked 
|  32|0x0000000746200000, 0x0000000746200000, 0x0000000746400000|  0%| F|  |TAMS 0x0000000746200000, 0x0000000746200000| Untracked 
|  33|0x0000000746400000, 0x0000000746400000, 0x0000000746600000|  0%| F|  |TAMS 0x0000000746400000, 0x0000000746400000| Untracked 
|  34|0x0000000746600000, 0x0000000746600000, 0x0000000746800000|  0%| F|  |TAMS 0x0000000746600000, 0x0000000746600000| Untracked 
|  35|0x0000000746800000, 0x0000000746800000, 0x0000000746a00000|  0%| F|  |TAMS 0x0000000746800000, 0x0000000746800000| Untracked 
|  36|0x0000000746a00000, 0x0000000746a00000, 0x0000000746c00000|  0%| F|  |TAMS 0x0000000746a00000, 0x0000000746a00000| Untracked 
|  37|0x0000000746c00000, 0x0000000746c00000, 0x0000000746e00000|  0%| F|  |TAMS 0x0000000746c00000, 0x0000000746c00000| Untracked 
|  38|0x0000000746e00000, 0x0000000746e00000, 0x0000000747000000|  0%| F|  |TAMS 0x0000000746e00000, 0x0000000746e00000| Untracked 
|  39|0x0000000747000000, 0x0000000747000000, 0x0000000747200000|  0%| F|  |TAMS 0x0000000747000000, 0x0000000747000000| Untracked 
|  40|0x0000000747200000, 0x0000000747200000, 0x0000000747400000|  0%| F|  |TAMS 0x0000000747200000, 0x0000000747200000| Untracked 
|  41|0x0000000747400000, 0x0000000747400000, 0x0000000747600000|  0%| F|  |TAMS 0x0000000747400000, 0x0000000747400000| Untracked 
|  42|0x0000000747600000, 0x0000000747600000, 0x0000000747800000|  0%| F|  |TAMS 0x0000000747600000, 0x0000000747600000| Untracked 
|  43|0x0000000747800000, 0x0000000747800000, 0x0000000747a00000|  0%| F|  |TAMS 0x0000000747800000, 0x0000000747800000| Untracked 
|  44|0x0000000747a00000, 0x0000000747a00000, 0x0000000747c00000|  0%| F|  |TAMS 0x0000000747a00000, 0x0000000747a00000| Untracked 
|  45|0x0000000747c00000, 0x0000000747c00000, 0x0000000747e00000|  0%| F|  |TAMS 0x0000000747c00000, 0x0000000747c00000| Untracked 
|  46|0x0000000747e00000, 0x0000000747e00000, 0x0000000748000000|  0%| F|  |TAMS 0x0000000747e00000, 0x0000000747e00000| Untracked 
|  47|0x0000000748000000, 0x0000000748000000, 0x0000000748200000|  0%| F|  |TAMS 0x0000000748000000, 0x0000000748000000| Untracked 
|  48|0x0000000748200000, 0x0000000748200000, 0x0000000748400000|  0%| F|  |TAMS 0x0000000748200000, 0x0000000748200000| Untracked 
|  49|0x0000000748400000, 0x0000000748400000, 0x0000000748600000|  0%| F|  |TAMS 0x0000000748400000, 0x0000000748400000| Untracked 
|  50|0x0000000748600000, 0x0000000748600000, 0x0000000748800000|  0%| F|  |TAMS 0x0000000748600000, 0x0000000748600000| Untracked 
|  51|0x0000000748800000, 0x0000000748800000, 0x0000000748a00000|  0%| F|  |TAMS 0x0000000748800000, 0x0000000748800000| Untracked 
|  52|0x0000000748a00000, 0x0000000748a00000, 0x0000000748c00000|  0%| F|  |TAMS 0x0000000748a00000, 0x0000000748a00000| Untracked 
|  53|0x0000000748c00000, 0x0000000748c00000, 0x0000000748e00000|  0%| F|  |TAMS 0x0000000748c00000, 0x0000000748c00000| Untracked 
|  54|0x0000000748e00000, 0x0000000748e00000, 0x0000000749000000|  0%| F|  |TAMS 0x0000000748e00000, 0x0000000748e00000| Untracked 
|  55|0x0000000749000000, 0x0000000749000000, 0x0000000749200000|  0%| F|  |TAMS 0x0000000749000000, 0x0000000749000000| Untracked 
|  56|0x0000000749200000, 0x0000000749200000, 0x0000000749400000|  0%| F|  |TAMS 0x0000000749200000, 0x0000000749200000| Untracked 
|  57|0x0000000749400000, 0x0000000749400000, 0x0000000749600000|  0%| F|  |TAMS 0x0000000749400000, 0x0000000749400000| Untracked 
|  58|0x0000000749600000, 0x0000000749600000, 0x0000000749800000|  0%| F|  |TAMS 0x0000000749600000, 0x0000000749600000| Untracked 
|  59|0x0000000749800000, 0x0000000749800000, 0x0000000749a00000|  0%| F|  |TAMS 0x0000000749800000, 0x0000000749800000| Untracked 
|  60|0x0000000749a00000, 0x0000000749a00000, 0x0000000749c00000|  0%| F|  |TAMS 0x0000000749a00000, 0x0000000749a00000| Untracked 
|  61|0x0000000749c00000, 0x0000000749c00000, 0x0000000749e00000|  0%| F|  |TAMS 0x0000000749c00000, 0x0000000749c00000| Untracked 
|  62|0x0000000749e00000, 0x0000000749e00000, 0x000000074a000000|  0%| F|  |TAMS 0x0000000749e00000, 0x0000000749e00000| Untracked 
|  63|0x000000074a000000, 0x000000074a000000, 0x000000074a200000|  0%| F|  |TAMS 0x000000074a000000, 0x000000074a000000| Untracked 
|  64|0x000000074a200000, 0x000000074a200000, 0x000000074a400000|  0%| F|  |TAMS 0x000000074a200000, 0x000000074a200000| Untracked 
|  65|0x000000074a400000, 0x000000074a400000, 0x000000074a600000|  0%| F|  |TAMS 0x000000074a400000, 0x000000074a400000| Untracked 
|  66|0x000000074a600000, 0x000000074a600000, 0x000000074a800000|  0%| F|  |TAMS 0x000000074a600000, 0x000000074a600000| Untracked 
|  67|0x000000074a800000, 0x000000074a800000, 0x000000074aa00000|  0%| F|  |TAMS 0x000000074a800000, 0x000000074a800000| Untracked 
|  68|0x000000074aa00000, 0x000000074aa00000, 0x000000074ac00000|  0%| F|  |TAMS 0x000000074aa00000, 0x000000074aa00000| Untracked 
|  69|0x000000074ac00000, 0x000000074ac00000, 0x000000074ae00000|  0%| F|  |TAMS 0x000000074ac00000, 0x000000074ac00000| Untracked 
|  70|0x000000074ae00000, 0x000000074ae00000, 0x000000074b000000|  0%| F|  |TAMS 0x000000074ae00000, 0x000000074ae00000| Untracked 
|  71|0x000000074b000000, 0x000000074b000000, 0x000000074b200000|  0%| F|  |TAMS 0x000000074b000000, 0x000000074b000000| Untracked 
|  72|0x000000074b200000, 0x000000074b200000, 0x000000074b400000|  0%| F|  |TAMS 0x000000074b200000, 0x000000074b200000| Untracked 
|  73|0x000000074b400000, 0x000000074b400000, 0x000000074b600000|  0%| F|  |TAMS 0x000000074b400000, 0x000000074b400000| Untracked 
|  74|0x000000074b600000, 0x000000074b600000, 0x000000074b800000|  0%| F|  |TAMS 0x000000074b600000, 0x000000074b600000| Untracked 
|  75|0x000000074b800000, 0x000000074b800000, 0x000000074ba00000|  0%| F|  |TAMS 0x000000074b800000, 0x000000074b800000| Untracked 
|  76|0x000000074ba00000, 0x000000074ba00000, 0x000000074bc00000|  0%| F|  |TAMS 0x000000074ba00000, 0x000000074ba00000| Untracked 
|  77|0x000000074bc00000, 0x000000074bc00000, 0x000000074be00000|  0%| F|  |TAMS 0x000000074bc00000, 0x000000074bc00000| Untracked 
|  78|0x000000074be00000, 0x000000074be00000, 0x000000074c000000|  0%| F|  |TAMS 0x000000074be00000, 0x000000074be00000| Untracked 
|  79|0x000000074c000000, 0x000000074c000000, 0x000000074c200000|  0%| F|  |TAMS 0x000000074c000000, 0x000000074c000000| Untracked 
|  80|0x000000074c200000, 0x000000074c200000, 0x000000074c400000|  0%| F|  |TAMS 0x000000074c200000, 0x000000074c200000| Untracked 
|  81|0x000000074c400000, 0x000000074c400000, 0x000000074c600000|  0%| F|  |TAMS 0x000000074c400000, 0x000000074c400000| Untracked 
|  82|0x000000074c600000, 0x000000074c600000, 0x000000074c800000|  0%| F|  |TAMS 0x000000074c600000, 0x000000074c600000| Untracked 
|  83|0x000000074c800000, 0x000000074c800000, 0x000000074ca00000|  0%| F|  |TAMS 0x000000074c800000, 0x000000074c800000| Untracked 
|  84|0x000000074ca00000, 0x000000074ca00000, 0x000000074cc00000|  0%| F|  |TAMS 0x000000074ca00000, 0x000000074ca00000| Untracked 
|  85|0x000000074cc00000, 0x000000074cc00000, 0x000000074ce00000|  0%| F|  |TAMS 0x000000074cc00000, 0x000000074cc00000| Untracked 
|  86|0x000000074ce00000, 0x000000074ce00000, 0x000000074d000000|  0%| F|  |TAMS 0x000000074ce00000, 0x000000074ce00000| Untracked 
|  87|0x000000074d000000, 0x000000074d000000, 0x000000074d200000|  0%| F|  |TAMS 0x000000074d000000, 0x000000074d000000| Untracked 
|  88|0x000000074d200000, 0x000000074d200000, 0x000000074d400000|  0%| F|  |TAMS 0x000000074d200000, 0x000000074d200000| Untracked 
|  89|0x000000074d400000, 0x000000074d400000, 0x000000074d600000|  0%| F|  |TAMS 0x000000074d400000, 0x000000074d400000| Untracked 
|  90|0x000000074d600000, 0x000000074d600000, 0x000000074d800000|  0%| F|  |TAMS 0x000000074d600000, 0x000000074d600000| Untracked 
|  91|0x000000074d800000, 0x000000074d8a11f0, 0x000000074da00000| 31%| S|CS|TAMS 0x000000074d800000, 0x000000074d800000| Complete 
|  92|0x000000074da00000, 0x000000074da00000, 0x000000074dc00000|  0%| F|  |TAMS 0x000000074da00000, 0x000000074da00000| Untracked 
|  93|0x000000074dc00000, 0x000000074de00000, 0x000000074de00000|100%| E|  |TAMS 0x000000074dc00000, 0x000000074dc00000| Complete 
|  94|0x000000074de00000, 0x000000074e000000, 0x000000074e000000|100%| E|CS|TAMS 0x000000074de00000, 0x000000074de00000| Complete 

Card table byte_map: [0x000001cd1c250000,0x000001cd1c840000] _byte_map_base: 0x000001cd1883f000

Marking Bits (Prev, Next): (CMBitMap*) 0x000001cd051b0dd0, (CMBitMap*) 0x000001cd051b0e10
 Prev Bits: [0x000001cd1ce30000, 0x000001cd1fda8000)
 Next Bits: [0x000001cd1fdb0000, 0x000001cd22d28000)

Polling page: 0x000001cd030b0000

Metaspace:

Usage:
  Non-class:      5.83 MB used.
      Class:    749.68 KB used.
       Both:      6.57 MB used.

Virtual space:
  Non-class space:       64.00 MB reserved,       5.94 MB (  9%) committed,  1 nodes.
      Class space:        1.00 GB reserved,     832.00 KB ( <1%) committed,  1 nodes.
             Both:        1.06 GB reserved,       6.75 MB ( <1%) committed. 

Chunk freelists:
   Non-Class:  10.02 MB
       Class:  14.98 MB
        Both:  25.00 MB

MaxMetaspaceSize: unlimited
CompressedClassSpaceSize: 1.00 GB
Initial GC threshold: 21.00 MB
Current GC threshold: 21.00 MB
CDS: on
MetaspaceReclaimPolicy: balanced
 - commit_granule_bytes: 65536.
 - commit_granule_words: 8192.
 - virtual_space_node_default_size: 8388608.
 - enlarge_chunks_in_place: 1.
 - new_chunks_are_fully_committed: 0.
 - uncommit_free_chunks: 1.
 - use_allocation_guard: 0.
 - handle_deallocations: 1.


Internal statistics:

num_allocs_failed_limit: 0.
num_arena_births: 238.
num_arena_deaths: 0.
num_vsnodes_births: 2.
num_vsnodes_deaths: 0.
num_space_committed: 108.
num_space_uncommitted: 0.
num_chunks_returned_to_freelist: 0.
num_chunks_taken_from_freelist: 406.
num_chunk_merges: 0.
num_chunk_splits: 240.
num_chunks_enlarged: 135.
num_inconsistent_stats: 0.

CodeHeap 'non-profiled nmethods': size=120000Kb used=404Kb max_used=404Kb free=119595Kb
 bounds [0x000001cd14730000, 0x000001cd149a0000, 0x000001cd1bc60000]
CodeHeap 'profiled nmethods': size=120000Kb used=2465Kb max_used=2465Kb free=117534Kb
 bounds [0x000001cd0cc60000, 0x000001cd0ced0000, 0x000001cd14190000]
CodeHeap 'non-nmethods': size=5760Kb used=1172Kb max_used=1181Kb free=4587Kb
 bounds [0x000001cd14190000, 0x000001cd14400000, 0x000001cd14730000]
 total_blobs=1832 nmethods=1370 adapters=374
 compilation: enabled
              stopped_count=0, restarted_count=0
 full_count=0

Compilation events (20 events):
Event: 2.001 Thread 0x000001cd252093f0 1361       3       jdk.internal.reflect.ConstructorAccessorImpl::<init> (5 bytes)
Event: 2.001 Thread 0x000001cd252093f0 nmethod 1361 0x000001cd0cec2690 code [0x000001cd0cec2840, 0x000001cd0cec29f8]
Event: 2.006 Thread 0x000001cd252093f0 1363       1       jdk.internal.reflect.NativeConstructorAccessorImpl::setParent (6 bytes)
Event: 2.007 Thread 0x000001cd252093f0 nmethod 1363 0x000001cd14794990 code [0x000001cd14794b20, 0x000001cd14794c38]
Event: 2.008 Thread 0x000001cd252093f0 1364   !   3       java.lang.invoke.MethodHandleNatives::linkMethodHandleConstant (50 bytes)
Event: 2.008 Thread 0x000001cd252093f0 nmethod 1364 0x000001cd0cec2b10 code [0x000001cd0cec2ce0, 0x000001cd0cec2ec8]
Event: 2.008 Thread 0x000001cd252093f0 1365       3       java.lang.invoke.MethodHandles$Lookup::linkMethodHandleConstant (223 bytes)
Event: 2.010 Thread 0x000001cd252093f0 nmethod 1365 0x000001cd0cec3090 code [0x000001cd0cec3460, 0x000001cd0cec4d48]
Event: 2.011 Thread 0x000001cd252093f0 1367       3       java.lang.invoke.LambdaForm::methodType (48 bytes)
Event: 2.012 Thread 0x000001cd252093f0 nmethod 1367 0x000001cd0cec5490 code [0x000001cd0cec5680, 0x000001cd0cec5c98]
Event: 2.015 Thread 0x000001cd252093f0 1368       3       java.util.zip.InflaterInputStream::<init> (79 bytes)
Event: 2.016 Thread 0x000001cd252093f0 nmethod 1368 0x000001cd0cec5f10 code [0x000001cd0cec6100, 0x000001cd0cec6958]
Event: 2.016 Thread 0x000001cd252093f0 1369   !   3       java.util.zip.Inflater::reset (64 bytes)
Event: 2.016 Thread 0x000001cd252093f0 nmethod 1369 0x000001cd0cec6b10 code [0x000001cd0cec6ce0, 0x000001cd0cec7078]
Event: 2.018 Thread 0x000001cd252093f0 1371       3       java.lang.invoke.LambdaFormEditor$TransformKey::<init> (15 bytes)
Event: 2.018 Thread 0x000001cd252093f0 nmethod 1371 0x000001cd0cec7210 code [0x000001cd0cec73a0, 0x000001cd0cec7538]
Event: 2.028 Thread 0x000001cd252093f0 1373   !   3       java.util.zip.ZipFile$CleanableResource::releaseInflater (53 bytes)
Event: 2.029 Thread 0x000001cd252093f0 nmethod 1373 0x000001cd0cec7610 code [0x000001cd0cec77e0, 0x000001cd0cec7c08]
Event: 2.030 Thread 0x000001cd252093f0 1374       3       java.lang.invoke.DelegatingMethodHandle$Holder::reinvoke_L (20 bytes)
Event: 2.030 Thread 0x000001cd252093f0 nmethod 1374 0x000001cd0cec7e10 code [0x000001cd0cec7fe0, 0x000001cd0cec8458]

GC Heap History (4 events):
Event: 1.236 GC heap before
{Heap before GC invocations=0 (full 0):
 garbage-first heap   total 194560K, used 10240K [0x0000000742200000, 0x0000000800000000)
  region size 2048K, 6 young (12288K), 0 survivors (0K)
 Metaspace       used 4028K, committed 4224K, reserved 1114112K
  class space    used 417K, committed 512K, reserved 1048576K
}
Event: 1.242 GC heap after
{Heap after GC invocations=1 (full 0):
 garbage-first heap   total 194560K, used 5064K [0x0000000742200000, 0x0000000800000000)
  region size 2048K, 1 young (2048K), 1 survivors (2048K)
 Metaspace       used 4028K, committed 4224K, reserved 1114112K
  class space    used 417K, committed 512K, reserved 1048576K
}
Event: 1.800 GC heap before
{Heap before GC invocations=1 (full 0):
 garbage-first heap   total 194560K, used 11208K [0x0000000742200000, 0x0000000800000000)
  region size 2048K, 4 young (8192K), 1 survivors (2048K)
 Metaspace       used 5900K, committed 6208K, reserved 1114112K
  class space    used 636K, committed 768K, reserved 1048576K
}
Event: 1.803 GC heap after
{Heap after GC invocations=2 (full 0):
 garbage-first heap   total 194560K, used 5837K [0x0000000742200000, 0x0000000800000000)
  region size 2048K, 1 young (2048K), 1 survivors (2048K)
 Metaspace       used 5900K, committed 6208K, reserved 1114112K
  class space    used 636K, committed 768K, reserved 1048576K
}

Dll operation events (10 events):
Event: 0.077 Loaded shared library C:\Users\iylia\.jdks\corretto-17.0.7\bin\java.dll
Event: 0.109 Loaded shared library C:\Users\iylia\.jdks\corretto-17.0.7\bin\jsvml.dll
Event: 0.498 Loaded shared library C:\Users\iylia\.jdks\corretto-17.0.7\bin\zip.dll
Event: 0.503 Loaded shared library C:\Users\iylia\.jdks\corretto-17.0.7\bin\instrument.dll
Event: 0.516 Loaded shared library C:\Users\iylia\.jdks\corretto-17.0.7\bin\net.dll
Event: 0.519 Loaded shared library C:\Users\iylia\.jdks\corretto-17.0.7\bin\nio.dll
Event: 0.531 Loaded shared library C:\Users\iylia\.jdks\corretto-17.0.7\bin\zip.dll
Event: 0.538 Loaded shared library C:\Program Files\JetBrains\IntelliJ IDEA Community Edition 2021.1.3\bin\breakgen64.dll
Event: 0.639 Loaded shared library C:\Users\iylia\.jdks\corretto-17.0.7\bin\verify.dll
Event: 0.652 Loaded shared library C:\Users\iylia\.jdks\corretto-17.0.7\bin\jimage.dll

Deoptimization events (20 events):
Event: 1.181 Thread 0x000001cd05159670 DEOPT PACKING pc=0x000001cd1474b6e4 sp=0x000000089a0fdcd0
Event: 1.181 Thread 0x000001cd05159670 DEOPT UNPACKING pc=0x000001cd141e69a3 sp=0x000000089a0fdc58 mode 2
Event: 1.245 Thread 0x000001cd05159670 Uncommon trap: trap_request=0xffffff45 fr.pc=0x000001cd1475536c relative=0x000000000000024c
Event: 1.245 Thread 0x000001cd05159670 Uncommon trap: reason=unstable_if action=reinterpret pc=0x000001cd1475536c method=java.lang.String.startsWith(Ljava/lang/String;I)Z @ 1 c2
Event: 1.245 Thread 0x000001cd05159670 DEOPT PACKING pc=0x000001cd1475536c sp=0x000000089a0fc970
Event: 1.245 Thread 0x000001cd05159670 DEOPT UNPACKING pc=0x000001cd141e69a3 sp=0x000000089a0fc8d8 mode 2
Event: 1.651 Thread 0x000001cd05159670 Uncommon trap: trap_request=0xffffffde fr.pc=0x000001cd14771390 relative=0x0000000000001370
Event: 1.651 Thread 0x000001cd05159670 Uncommon trap: reason=class_check action=maybe_recompile pc=0x000001cd14771390 method=java.util.HashMap.putVal(ILjava/lang/Object;Ljava/lang/Object;ZZ)Ljava/lang/Object; @ 91 c2
Event: 1.651 Thread 0x000001cd05159670 DEOPT PACKING pc=0x000001cd14771390 sp=0x000000089a0fe3f0
Event: 1.651 Thread 0x000001cd05159670 DEOPT UNPACKING pc=0x000001cd141e69a3 sp=0x000000089a0fe330 mode 2
Event: 1.651 Thread 0x000001cd05159670 Uncommon trap: trap_request=0xffffffde fr.pc=0x000001cd14771390 relative=0x0000000000001370
Event: 1.651 Thread 0x000001cd05159670 Uncommon trap: reason=class_check action=maybe_recompile pc=0x000001cd14771390 method=java.util.HashMap.putVal(ILjava/lang/Object;Ljava/lang/Object;ZZ)Ljava/lang/Object; @ 91 c2
Event: 1.651 Thread 0x000001cd05159670 DEOPT PACKING pc=0x000001cd14771390 sp=0x000000089a0fe3f0
Event: 1.651 Thread 0x000001cd05159670 DEOPT UNPACKING pc=0x000001cd141e69a3 sp=0x000000089a0fe330 mode 2
Event: 1.764 Thread 0x000001cd05159670 DEOPT PACKING pc=0x000001cd0cc9843e sp=0x000000089a0fd780
Event: 1.764 Thread 0x000001cd05159670 DEOPT UNPACKING pc=0x000001cd141e7143 sp=0x000000089a0fcbf8 mode 0
Event: 1.901 Thread 0x000001cd05159670 Uncommon trap: trap_request=0xffffff45 fr.pc=0x000001cd14776ad4 relative=0x0000000000000294
Event: 1.901 Thread 0x000001cd05159670 Uncommon trap: reason=unstable_if action=reinterpret pc=0x000001cd14776ad4 method=java.lang.invoke.VarHandle.checkExactAccessMode(Ljava/lang/invoke/VarHandle$AccessDescriptor;)V @ 4 c2
Event: 1.901 Thread 0x000001cd05159670 DEOPT PACKING pc=0x000001cd14776ad4 sp=0x000000089a0fe150
Event: 1.901 Thread 0x000001cd05159670 DEOPT UNPACKING pc=0x000001cd141e69a3 sp=0x000000089a0fe0c0 mode 2

Classes unloaded (0 events):
No events

Classes redefined (0 events):
No events

Internal exceptions (20 events):
Event: 1.550 Thread 0x000001cd05159670 Exception <a 'java/lang/NoSuchMethodError'{0x000000074dc6a558}: 'int java.lang.invoke.DirectMethodHandle$Holder.invokeVirtual(java.lang.Object, java.lang.Object)'> (0x000000074dc6a558) 
thrown [s\src\hotspot\share\interpreter\linkResolver.cpp, line 759]
Event: 1.579 Thread 0x000001cd05159670 Exception <a 'java/lang/NoSuchMethodError'{0x000000074dcd1450}: 'java.lang.Object java.lang.invoke.DirectMethodHandle$Holder.invokeSpecial(java.lang.Object, java.lang.Object, java.lang.Object, int, java.lang.Object)'> (0x000000074dcd1450) 
thrown [s\src\hotspot\share\interpreter\linkResolver.cpp, line 759]
Event: 1.597 Thread 0x000001cd05159670 Exception <a 'java/lang/NoSuchMethodError'{0x000000074dd0d450}: 'int java.lang.invoke.DirectMethodHandle$Holder.invokeStaticInit(java.lang.Object, java.lang.Object, java.lang.Object)'> (0x000000074dd0d450) 
thrown [s\src\hotspot\share\interpreter\linkResolver.cpp, line 759]
Event: 1.706 Thread 0x000001cd05159670 Exception <a 'java/lang/IncompatibleClassChangeError'{0x000000074da806c8}: Found class java.lang.Object, but interface was expected> (0x000000074da806c8) 
thrown [s\src\hotspot\share\interpreter\linkResolver.cpp, line 826]
Event: 1.712 Thread 0x000001cd05159670 Exception <a 'java/lang/NoSuchMethodError'{0x000000074da98650}: 'java.lang.Object java.lang.invoke.DirectMethodHandle$Holder.invokeSpecial(java.lang.Object, java.lang.Object, java.lang.Object, java.lang.Object, java.lang.Object, java.lang.Object, java.lang.Object, java.lang.Object, java.lang.Object, java.lang.Object)'> (0x000000074da98650) 
thrown [s\src\hotspot\share\interpreter\linkResolver.cpp, line 759]
Event: 1.714 Thread 0x000001cd05159670 Exception <a 'java/lang/NoSuchMethodError'{0x000000074daa35b0}: 'java.lang.Object java.lang.invoke.DirectMethodHandle$Holder.newInvokeSpecial(java.lang.Object, java.lang.Object, java.lang.Object, java.lang.Object, java.lang.Object, java.lang.Object, java.lang.Object, java.lang.Object, java.lang.Object)'> (0x000000074daa35b0) 
thrown [s\src\hotspot\share\interpreter\linkResolver.cpp, line 759]
Event: 1.715 Thread 0x000001cd05159670 Exception <a 'java/lang/NoSuchMethodError'{0x000000074daa8900}: 'java.lang.Object java.lang.invoke.Invokers$Holder.linkToTargetMethod(java.lang.Object, java.lang.Object, java.lang.Object, java.lang.Object, java.lang.Object, java.lang.Object, java.lang.Object, java.lang.Object, java.lang.Object)'> (0x000000074daa8900) 
thrown [s\src\hotspot\share\interpreter\linkResolver.cpp, line 759]
Event: 1.747 Thread 0x000001cd05159670 Exception <a 'java/lang/NoSuchMethodError'{0x000000074db36e70}: 'java.lang.Object java.lang.invoke.DirectMethodHandle$Holder.newInvokeSpecial(java.lang.Object, java.lang.Object, java.lang.Object, java.lang.Object, java.lang.Object, java.lang.Object, java.lang.Object)'> (0x000000074db36e70) 
thrown [s\src\hotspot\share\interpreter\linkResolver.cpp, line 759]
Event: 1.749 Thread 0x000001cd05159670 Exception <a 'java/lang/NoSuchMethodError'{0x000000074db3beb8}: 'java.lang.Object java.lang.invoke.Invokers$Holder.linkToTargetMethod(java.lang.Object, java.lang.Object, java.lang.Object, java.lang.Object, java.lang.Object, java.lang.Object, java.lang.Object)'> (0x000000074db3beb8) 
thrown [s\src\hotspot\share\interpreter\linkResolver.cpp, line 759]
Event: 1.775 Thread 0x000001cd05159670 Exception <a 'java/lang/NoSuchMethodError'{0x000000074db8a470}: 'java.lang.Object java.lang.invoke.DirectMethodHandle$Holder.newInvokeSpecial(java.lang.Object, java.lang.Object, java.lang.Object, java.lang.Object, java.lang.Object)'> (0x000000074db8a470) 
thrown [s\src\hotspot\share\interpreter\linkResolver.cpp, line 759]
Event: 1.785 Thread 0x000001cd05159670 Exception <a 'java/lang/NoSuchMethodError'{0x000000074dbb9228}: 'int java.lang.invoke.DirectMethodHandle$Holder.invokeSpecial(java.lang.Object, java.lang.Object, java.lang.Object)'> (0x000000074dbb9228) 
thrown [s\src\hotspot\share\interpreter\linkResolver.cpp, line 759]
Event: 1.835 Thread 0x000001cd05159670 Exception <a 'java/lang/IncompatibleClassChangeError'{0x000000074dea0460}: Found class java.lang.Object, but interface was expected> (0x000000074dea0460) 
thrown [s\src\hotspot\share\interpreter\linkResolver.cpp, line 826]
Event: 1.864 Thread 0x000001cd05159670 Exception <a 'java/lang/NoSuchMethodError'{0x000000074df11e10}: 'java.lang.Object java.lang.invoke.Invokers$Holder.linkToTargetMethod(java.lang.Object, long, java.lang.Object)'> (0x000000074df11e10) 
thrown [s\src\hotspot\share\interpreter\linkResolver.cpp, line 759]
Event: 1.870 Thread 0x000001cd05159670 Exception <a 'java/lang/NoSuchMethodError'{0x000000074df1c380}: 'java.lang.Object java.lang.invoke.DirectMethodHandle$Holder.newInvokeSpecial(java.lang.Object, java.lang.Object, int, java.lang.Object, java.lang.Object)'> (0x000000074df1c380) 
thrown [s\src\hotspot\share\interpreter\linkResolver.cpp, line 759]
Event: 1.890 Thread 0x000001cd05159670 Exception <a 'java/lang/NoSuchMethodError'{0x000000074df7dd40}: 'java.lang.Object java.lang.invoke.DirectMethodHandle$Holder.invokeStatic(java.lang.Object, java.lang.Object, java.lang.Object, int, java.lang.Object, java.lang.Object)'> (0x000000074df7dd40) 
thrown [s\src\hotspot\share\interpreter\linkResolver.cpp, line 759]
Event: 1.892 Thread 0x000001cd05159670 Exception <a 'java/lang/NoSuchMethodError'{0x000000074df86118}: 'java.lang.Object java.lang.invoke.DirectMethodHandle$Holder.newInvokeSpecial(java.lang.Object, java.lang.Object, java.lang.Object, int, java.lang.Object)'> (0x000000074df86118) 
thrown [s\src\hotspot\share\interpreter\linkResolver.cpp, line 759]
Event: 1.893 Thread 0x000001cd05159670 Exception <a 'java/lang/NoSuchMethodError'{0x000000074df8dae8}: 'java.lang.Object java.lang.invoke.Invokers$Holder.linkToTargetMethod(java.lang.Object, java.lang.Object, int, java.lang.Object, java.lang.Object)'> (0x000000074df8dae8) 
thrown [s\src\hotspot\share\interpreter\linkResolver.cpp, line 759]
Event: 1.921 Thread 0x000001cd05159670 Exception <a 'java/lang/NoSuchMethodError'{0x000000074dfd8d60}: 'java.lang.Object java.lang.invoke.DirectMethodHandle$Holder.newInvokeSpecial(java.lang.Object, int, java.lang.Object)'> (0x000000074dfd8d60) 
thrown [s\src\hotspot\share\interpreter\linkResolver.cpp, line 759]
Event: 1.956 Thread 0x000001cd05159670 Exception <a 'java/lang/NoSuchMethodError'{0x000000074dc67058}: 'void java.lang.invoke.DirectMethodHandle$Holder.invokeStatic(java.lang.Object, java.lang.Object, java.lang.Object)'> (0x000000074dc67058) 
thrown [s\src\hotspot\share\interpreter\linkResolver.cpp, line 759]
Event: 2.011 Thread 0x000001cd05159670 Exception <a 'java/lang/NoSuchMethodError'{0x000000074dd4f808}: 'void java.lang.invoke.DirectMethodHandle$Holder.invokeInterface(java.lang.Object, java.lang.Object)'> (0x000000074dd4f808) 
thrown [s\src\hotspot\share\interpreter\linkResolver.cpp, line 759]

VM Operations (20 events):
Event: 1.139 Executing VM operation: HandshakeAllThreads
Event: 1.139 Executing VM operation: HandshakeAllThreads done
Event: 1.139 Executing VM operation: Cleanup
Event: 1.139 Executing VM operation: Cleanup done
Event: 1.181 Executing VM operation: HandshakeAllThreads
Event: 1.181 Executing VM operation: HandshakeAllThreads done
Event: 1.206 Executing VM operation: HandshakeAllThreads
Event: 1.206 Executing VM operation: HandshakeAllThreads done
Event: 1.233 Executing VM operation: HandshakeAllThreads
Event: 1.234 Executing VM operation: HandshakeAllThreads done
Event: 1.236 Executing VM operation: G1CollectForAllocation
Event: 1.243 Executing VM operation: G1CollectForAllocation done
Event: 1.800 Executing VM operation: G1CollectForAllocation
Event: 1.803 Executing VM operation: G1CollectForAllocation done
Event: 1.929 Executing VM operation: HandshakeAllThreads
Event: 1.929 Executing VM operation: HandshakeAllThreads done
Event: 1.941 Executing VM operation: HandshakeAllThreads
Event: 1.941 Executing VM operation: HandshakeAllThreads done
Event: 1.944 Executing VM operation: HandshakeAllThreads
Event: 1.944 Executing VM operation: HandshakeAllThreads done

Events (20 events):
Event: 1.931 loading class java/util/stream/Nodes$AbstractConcNode done
Event: 1.932 loading class java/util/stream/Nodes$ConcNode done
Event: 1.939 loading class java/util/IdentityHashMap$ValueSpliterator
Event: 1.939 loading class java/util/IdentityHashMap$IdentityHashMapSpliterator
Event: 1.939 loading class java/util/IdentityHashMap$IdentityHashMapSpliterator done
Event: 1.939 loading class java/util/IdentityHashMap$ValueSpliterator done
Event: 1.940 loading class java/util/stream/ReduceOps$2
Event: 1.941 loading class java/util/stream/ReduceOps$2 done
Event: 1.941 loading class java/util/stream/ReduceOps$2ReducingSink
Event: 1.941 loading class java/util/stream/ReduceOps$2ReducingSink done
Event: 1.945 loading class java/lang/CloneNotSupportedException
Event: 1.946 loading class java/lang/CloneNotSupportedException done
Event: 1.959 loading class java/lang/invoke/MethodHandle$1
Event: 1.959 loading class java/lang/invoke/MethodHandle$1 done
Event: 2.010 loading class java/util/Collections$2
Event: 2.010 loading class java/util/Collections$2 done
Event: 2.014 loading class java/util/LinkedList$ListItr
Event: 2.014 loading class java/util/LinkedList$ListItr done
Event: 2.032 loading class java/util/NoSuchElementException
Event: 2.032 loading class java/util/NoSuchElementException done


Dynamic libraries:
0x00007ff710510000 - 0x00007ff71051d000 	C:\Users\iylia\.jdks\corretto-17.0.7\bin\java.exe
0x00007ff9d0d50000 - 0x00007ff9d0f48000 	C:\Windows\SYSTEM32\ntdll.dll
0x00007ff9cf010000 - 0x00007ff9cf0cd000 	C:\Windows\System32\KERNEL32.DLL
0x00007ff9ce500000 - 0x00007ff9ce7f6000 	C:\Windows\System32\KERNELBASE.dll
0x00007ff9cebb0000 - 0x00007ff9cecb0000 	C:\Windows\System32\ucrtbase.dll
0x00007ff9c5a90000 - 0x00007ff9c5aa7000 	C:\Users\iylia\.jdks\corretto-17.0.7\bin\jli.dll
0x00007ff9cee40000 - 0x00007ff9cefde000 	C:\Windows\System32\USER32.dll
0x00007ff9c8d10000 - 0x00007ff9c8d25000 	C:\Users\iylia\.jdks\corretto-17.0.7\bin\VCRUNTIME140.dll
0x00007ff9ce420000 - 0x00007ff9ce442000 	C:\Windows\System32\win32u.dll
0x00007ff9d00b0000 - 0x00007ff9d00dc000 	C:\Windows\System32\GDI32.dll
0x00007ff9cea90000 - 0x00007ff9cebaa000 	C:\Windows\System32\gdi32full.dll
0x00007ff9bc360000 - 0x00007ff9bc5fa000 	C:\Windows\WinSxS\amd64_microsoft.windows.common-controls_6595b64144ccf1df_6.0.19041.3636_none_60b6a03d71f818d5\COMCTL32.dll
0x00007ff9ce9f0000 - 0x00007ff9cea8d000 	C:\Windows\System32\msvcp_win.dll
0x00007ff9ceda0000 - 0x00007ff9cee3e000 	C:\Windows\System32\msvcrt.dll
0x00007ff9d0020000 - 0x00007ff9d0050000 	C:\Windows\System32\IMM32.DLL
0x00007ff9b5f20000 - 0x00007ff9b5fbb000 	C:\Users\iylia\.jdks\corretto-17.0.7\bin\msvcp140.dll
0x00007ff99ca30000 - 0x00007ff99d64a000 	C:\Users\iylia\.jdks\corretto-17.0.7\bin\server\jvm.dll
0x00007ff9d0b30000 - 0x00007ff9d0be3000 	C:\Windows\System32\ADVAPI32.dll
0x00007ff9cfb10000 - 0x00007ff9cfbaf000 	C:\Windows\System32\sechost.dll
0x00007ff9cf9e0000 - 0x00007ff9cfb06000 	C:\Windows\System32\RPCRT4.dll
0x00007ff9ced20000 - 0x00007ff9ced47000 	C:\Windows\System32\bcrypt.dll
0x00007ff9b80c0000 - 0x00007ff9b80c9000 	C:\Windows\SYSTEM32\WSOCK32.dll
0x00007ff9d0170000 - 0x00007ff9d01db000 	C:\Windows\System32\WS2_32.dll
0x00007ff9bac80000 - 0x00007ff9baca7000 	C:\Windows\SYSTEM32\WINMM.dll
0x00007ff9c19d0000 - 0x00007ff9c19da000 	C:\Windows\SYSTEM32\VERSION.dll
0x00007ff9ccc70000 - 0x00007ff9ccc82000 	C:\Windows\SYSTEM32\kernel.appcore.dll
0x00007ff9c8970000 - 0x00007ff9c897a000 	C:\Users\iylia\.jdks\corretto-17.0.7\bin\jimage.dll
0x00007ff9cca10000 - 0x00007ff9ccbf4000 	C:\Windows\SYSTEM32\DBGHELP.DLL
0x00007ff9bd540000 - 0x00007ff9bd574000 	C:\Windows\SYSTEM32\dbgcore.DLL
0x00007ff9ce960000 - 0x00007ff9ce9e2000 	C:\Windows\System32\bcryptPrimitives.dll
0x00007ff9c8060000 - 0x00007ff9c806e000 	C:\Users\iylia\.jdks\corretto-17.0.7\bin\instrument.dll
0x00007ff9c4920000 - 0x00007ff9c4945000 	C:\Users\iylia\.jdks\corretto-17.0.7\bin\java.dll
0x00007ff9b4bc0000 - 0x00007ff9b4c96000 	C:\Users\iylia\.jdks\corretto-17.0.7\bin\jsvml.dll
0x00007ff9d01e0000 - 0x00007ff9d0925000 	C:\Windows\System32\SHELL32.dll
0x00007ff9cc1a0000 - 0x00007ff9cc93b000 	C:\Windows\SYSTEM32\windows.storage.dll
0x00007ff9cf0d0000 - 0x00007ff9cf424000 	C:\Windows\System32\combase.dll
0x00007ff9cdca0000 - 0x00007ff9cdccd000 	C:\Windows\SYSTEM32\Wldp.dll
0x00007ff9cff70000 - 0x00007ff9d001d000 	C:\Windows\System32\SHCORE.dll
0x00007ff9cff10000 - 0x00007ff9cff65000 	C:\Windows\System32\shlwapi.dll
0x00007ff9ce350000 - 0x00007ff9ce375000 	C:\Windows\SYSTEM32\profapi.dll
0x00007ff9b6d80000 - 0x00007ff9b6d98000 	C:\Users\iylia\.jdks\corretto-17.0.7\bin\zip.dll
0x00007ff9c5280000 - 0x00007ff9c5299000 	C:\Users\iylia\.jdks\corretto-17.0.7\bin\net.dll
0x00007ff9c6af0000 - 0x00007ff9c6bfa000 	C:\Windows\SYSTEM32\WINHTTP.dll
0x00007ff9cda80000 - 0x00007ff9cdaea000 	C:\Windows\system32\mswsock.dll
0x00007ff9b7e00000 - 0x00007ff9b7e15000 	C:\Users\iylia\.jdks\corretto-17.0.7\bin\nio.dll
0x00007ff9b6d60000 - 0x00007ff9b6d7a000 	C:\Program Files\JetBrains\IntelliJ IDEA Community Edition 2021.1.3\bin\breakgen64.dll
0x00007ff9c7230000 - 0x00007ff9c7240000 	C:\Users\iylia\.jdks\corretto-17.0.7\bin\verify.dll
0x00007ff9cdce0000 - 0x00007ff9cdcf8000 	C:\Windows\SYSTEM32\CRYPTSP.dll
0x00007ff9cd3d0000 - 0x00007ff9cd404000 	C:\Windows\system32\rsaenh.dll
0x00007ff9ce2d0000 - 0x00007ff9ce2fe000 	C:\Windows\SYSTEM32\USERENV.dll
0x00007ff9cdc10000 - 0x00007ff9cdc1c000 	C:\Windows\SYSTEM32\CRYPTBASE.dll
0x00007ff9cd790000 - 0x00007ff9cd7cb000 	C:\Windows\SYSTEM32\IPHLPAPI.DLL
0x00007ff9cf000000 - 0x00007ff9cf008000 	C:\Windows\System32\NSI.dll
0x00007ff9c7b30000 - 0x00007ff9c7b47000 	C:\Windows\SYSTEM32\dhcpcsvc6.DLL
0x00007ff9c7af0000 - 0x00007ff9c7b0d000 	C:\Windows\SYSTEM32\dhcpcsvc.DLL
0x00007ff9cd7d0000 - 0x00007ff9cd89a000 	C:\Windows\SYSTEM32\DNSAPI.dll

dbghelp: loaded successfully - version: 4.0.5 - missing functions: none
symbol engine: initialized successfully - sym options: 0x614 - pdb path: .;C:\Users\iylia\.jdks\corretto-17.0.7\bin;C:\Windows\SYSTEM32;C:\Windows\WinSxS\amd64_microsoft.windows.common-controls_6595b64144ccf1df_6.0.19041.3636_none_60b6a03d71f818d5;C:\Users\iylia\.jdks\corretto-17.0.7\bin\server;C:\Program Files\JetBrains\IntelliJ IDEA Community Edition 2021.1.3\bin

VM Arguments:
jvm_args: -ea -Didea.test.cyclic.buffer.size=1048576 -javaagent:C:\Program Files\JetBrains\IntelliJ IDEA Community Edition 2021.1.3\lib\idea_rt.jar=57050:C:\Program Files\JetBrains\IntelliJ IDEA Community Edition 2021.1.3\bin -Dfile.encoding=UTF-8 
java_command: com.intellij.rt.testng.RemoteTestNGStarter -usedefaultlisteners false -socket57049 @w@C:\Users\iylia\AppData\Local\Temp\idea_working_dirs_testng.tmp -temp C:\Users\iylia\AppData\Local\Temp\idea_testng.tmp
java_class_path (initial): C:\Program Files\JetBrains\IntelliJ IDEA Community Edition 2021.1.3\lib\idea_rt.jar;C:\Program Files\JetBrains\IntelliJ IDEA Community Edition 2021.1.3\plugins\testng\lib\testng-rt.jar;C:\Disk D\RedRover.shools\demoqa_java\target\test-classes;C:\Users\iylia\.m2\repository\org\testng\testng\7.8.0\testng-7.8.0.jar;C:\Users\iylia\.m2\repository\org\slf4j\slf4j-api\1.7.36\slf4j-api-1.7.36.jar;C:\Users\iylia\.m2\repository\com\beust\jcommander\1.82\jcommander-1.82.jar;C:\Users\iylia\.m2\repository\org\webjars\jquery\3.6.1\jquery-3.6.1.jar;C:\Users\iylia\.m2\repository\org\seleniumhq\selenium\selenium-java\4.14.1\selenium-java-4.14.1.jar;C:\Users\iylia\.m2\repository\org\seleniumhq\selenium\selenium-api\4.14.1\selenium-api-4.14.1.jar;C:\Users\iylia\.m2\repository\org\seleniumhq\selenium\selenium-chrome-driver\4.14.1\selenium-chrome-driver-4.14.1.jar;C:\Users\iylia\.m2\repository\com\google\auto\service\auto-service-annotations\1.1.1\auto-service-annotations-1.1.1.jar;C:\Users\iylia\.m2\repository\com\google\guava\guava\32.1.2-jre\guava-32.1.2-jre.jar;C:\Users\iylia\.m2\repository\com\google\guava\failureaccess\1.0.1\failureaccess-1.0.1.jar;C:\Users\iylia\.m2\repository\com\google\guava\listenablefuture\9999.0-empty-to-avoid-conflict-with-guava\listenablefuture-9999.0-empty-to-avoid-conflict-with-guava.jar;C:\Users\iylia\.m2\repository\com\google\code\findbugs\jsr305\3.0.2\jsr305-3.0.2.jar;C:\Users\iylia\.m2\repository\org\checkerframework\checker-qual\3.33.0\checker-qual-3.33.0.jar;C:\Users\iylia\.m2\repository\com\google\errorprone\error_prone_annotations\2.18.0\error_prone_annotations-2.18.0.jar;C:\Users\iylia\.m2\repository\com\google\j2objc\j2objc-annotations\2.8\j2objc-annotations-2.8.jar;C:\Users\iylia\.m2\repository\org\seleniumhq\selenium\selenium-chromium-driver\4.14.1\selenium-chromium-driver-4.14.1.jar;C:\Users\iylia\.m2\repository\org\seleniumhq\selenium\selenium-json\4.14.1\selenium-json-4.14.1.jar;C:\Users\iylia\.m2\repository\or
Launcher Type: SUN_STANDARD

[Global flags]
     intx CICompilerCount                          = 3                                         {product} {ergonomic}
     uint ConcGCThreads                            = 1                                         {product} {ergonomic}
     uint G1ConcRefinementThreads                  = 4                                         {product} {ergonomic}
   size_t G1HeapRegionSize                         = 2097152                                   {product} {ergonomic}
    uintx GCDrainStackTargetSize                   = 64                                        {product} {ergonomic}
   size_t InitialHeapSize                          = 199229440                                 {product} {ergonomic}
   size_t MarkStackSize                            = 4194304                                   {product} {ergonomic}
   size_t MaxHeapSize                              = 3185573888                                {product} {ergonomic}
   size_t MaxNewSize                               = 1910505472                                {product} {ergonomic}
   size_t MinHeapDeltaBytes                        = 2097152                                   {product} {ergonomic}
   size_t MinHeapSize                              = 8388608                                   {product} {ergonomic}
    uintx NonNMethodCodeHeapSize                   = 5832780                                {pd product} {ergonomic}
    uintx NonProfiledCodeHeapSize                  = 122912730                              {pd product} {ergonomic}
    uintx ProfiledCodeHeapSize                     = 122912730                              {pd product} {ergonomic}
    uintx ReservedCodeCacheSize                    = 251658240                              {pd product} {ergonomic}
     bool SegmentedCodeCache                       = true                                      {product} {ergonomic}
   size_t SoftMaxHeapSize                          = 3185573888                             {manageable} {ergonomic}
     bool UseCompressedClassPointers               = true                           {product lp64_product} {ergonomic}
     bool UseCompressedOops                        = true                           {product lp64_product} {ergonomic}
     bool UseG1GC                                  = true                                      {product} {ergonomic}
     bool UseLargePagesIndividualAllocation        = false                                  {pd product} {ergonomic}

Logging:
Log output configuration:
 #0: stdout all=warning uptime,level,tags
 #1: stderr all=off uptime,level,tags

Environment Variables:
PATH=C:\Program Files\Microsoft\jdk-11.0.12.7-hotspot\bin;C:\Program Files (x86)\Common Files\Oracle\Java\javapath;C:\Python310\Scripts\;C:\Python310\;C:\Windows\system32;C:\Windows;C:\Windows\System32\Wbem;C:\Windows\System32\WindowsPowerShell\v1.0\;C:\Windows\System32\OpenSSH\;C:\Program Files\Microsoft VS Code\bin;C:\ProgramData\chocolatey\bin;C:\Program Files\Git\cmd;C:\Program Files\nodejs\;C:\Program Files\dotnet\;C:\xampp\php;C:\ProgramData\ComposerSetup\bin;C:\Program Files\Docker\Docker\resources\bin;C:\Program Files\MySQL\MySQL Shell 8.0\bin\;C:\Users\iylia\AppData\Local\Programs\Python\Python311\Scripts\;C:\Users\iylia\AppData\Local\Programs\Python\Python311\;C:\Users\iylia\AppData\Local\Microsoft\WindowsApps;C:\Users\iylia\AppData\Local\Programs\Hyper\resources\bin;C:\Users\iylia\AppData\Roaming\npm;C:\chromedriver;C:\Users\iylia\.dotnet\tools;C:\Users\iylia\AppData\Roaming\Composer\vendor\bin;C:\Program Files\JetBrains\PyCharm Community Edition 2023.3\bin;
USERNAME=Roman
OS=Windows_NT
PROCESSOR_IDENTIFIER=Intel64 Family 6 Model 58 Stepping 9, GenuineIntel
TMP=C:\Users\iylia\AppData\Local\Temp
TEMP=C:\Users\iylia\AppData\Local\Temp



---------------  S Y S T E M  ---------------

OS:
 Windows 10 , 64 bit Build 19041 (10.0.19041.3636)
OS uptime: 3 days 9:59 hours
Hyper-V role detected

CPU: total 4 (initial active 4) (2 cores per cpu, 2 threads per core) family 6 model 58 stepping 9 microcode 0x21, cx8, cmov, fxsr, ht, mmx, sse, sse2, sse3, ssse3, sse4.1, sse4.2, popcnt, tsc, tscinvbit, avx, aes, erms, clmul, vzeroupper, clflush, hv

Memory: 4k page, system-wide physical 12148M (3388M free)
TotalPageFile size 14562M (AvailPageFile size 1M)
current process WorkingSet (physical memory assigned to process): 74M, peak: 74M
current process commit charge ("private bytes"): 284M, peak: 284M

vm_info: OpenJDK 64-Bit Server VM (17.0.7+7-LTS) for windows-amd64 JRE (17.0.7+7-LTS), built on Apr 14 2023 01:39:21 by "Administrator" with MS VC++ 15.9 (VS2017)

END.
